<?xml version="1.0" encoding="UTF-8"?>
<testsuite name="com.rome.book.SpringBootWeb.domain.posts.PostsRepositoryTest" tests="1" skipped="0" failures="0" errors="0" timestamp="2022-07-26T06:27:31" hostname="Wongiui-MacBookPro.local" time="0.545">
  <properties/>
  <testcase name="Load_postsave()" classname="com.rome.book.SpringBootWeb.domain.posts.PostsRepositoryTest" time="0.545"/>
  <system-out><![CDATA[15:27:24.663 [Test worker] DEBUG org.springframework.test.context.BootstrapUtils - Instantiating CacheAwareContextLoaderDelegate from class [org.springframework.test.context.cache.DefaultCacheAwareContextLoaderDelegate]
15:27:24.681 [Test worker] DEBUG org.springframework.test.context.BootstrapUtils - Instantiating BootstrapContext using constructor [public org.springframework.test.context.support.DefaultBootstrapContext(java.lang.Class,org.springframework.test.context.CacheAwareContextLoaderDelegate)]
15:27:24.724 [Test worker] DEBUG org.springframework.test.context.BootstrapUtils - Instantiating TestContextBootstrapper for test class [com.rome.book.SpringBootWeb.domain.posts.PostsRepositoryTest] from class [org.springframework.boot.test.context.SpringBootTestContextBootstrapper]
15:27:24.737 [Test worker] INFO org.springframework.boot.test.context.SpringBootTestContextBootstrapper - Neither @ContextConfiguration nor @ContextHierarchy found for test class [com.rome.book.SpringBootWeb.domain.posts.PostsRepositoryTest], using SpringBootContextLoader
15:27:24.743 [Test worker] DEBUG org.springframework.test.context.support.AbstractContextLoader - Did not detect default resource location for test class [com.rome.book.SpringBootWeb.domain.posts.PostsRepositoryTest]: class path resource [com/rome/book/SpringBootWeb/domain/posts/PostsRepositoryTest-context.xml] does not exist
15:27:24.744 [Test worker] DEBUG org.springframework.test.context.support.AbstractContextLoader - Did not detect default resource location for test class [com.rome.book.SpringBootWeb.domain.posts.PostsRepositoryTest]: class path resource [com/rome/book/SpringBootWeb/domain/posts/PostsRepositoryTestContext.groovy] does not exist
15:27:24.744 [Test worker] INFO org.springframework.test.context.support.AbstractContextLoader - Could not detect default resource locations for test class [com.rome.book.SpringBootWeb.domain.posts.PostsRepositoryTest]: no resource found for suffixes {-context.xml, Context.groovy}.
15:27:24.745 [Test worker] INFO org.springframework.test.context.support.AnnotationConfigContextLoaderUtils - Could not detect default configuration classes for test class [com.rome.book.SpringBootWeb.domain.posts.PostsRepositoryTest]: PostsRepositoryTest does not declare any static, non-private, non-final, nested classes annotated with @Configuration.
15:27:24.822 [Test worker] DEBUG org.springframework.test.context.support.ActiveProfilesUtils - Could not find an 'annotation declaring class' for annotation type [org.springframework.test.context.ActiveProfiles] and class [com.rome.book.SpringBootWeb.domain.posts.PostsRepositoryTest]
15:27:24.935 [Test worker] DEBUG org.springframework.context.annotation.ClassPathScanningCandidateComponentProvider - Identified candidate component class: file [/Users/voyager3/Documents/SpringBootWeb/build/classes/java/main/com/rome/book/SpringBootWeb/Application.class]
15:27:24.939 [Test worker] INFO org.springframework.boot.test.context.SpringBootTestContextBootstrapper - Found @SpringBootConfiguration com.rome.book.SpringBootWeb.Application for test class com.rome.book.SpringBootWeb.domain.posts.PostsRepositoryTest
15:27:25.035 [Test worker] DEBUG org.springframework.boot.test.context.SpringBootTestContextBootstrapper - @TestExecutionListeners is not present for class [com.rome.book.SpringBootWeb.domain.posts.PostsRepositoryTest]: using defaults.
15:27:25.037 [Test worker] INFO org.springframework.boot.test.context.SpringBootTestContextBootstrapper - Loaded default TestExecutionListener class names from location [META-INF/spring.factories]: [org.springframework.boot.test.autoconfigure.restdocs.RestDocsTestExecutionListener, org.springframework.boot.test.autoconfigure.web.client.MockRestServiceServerResetTestExecutionListener, org.springframework.boot.test.autoconfigure.web.servlet.MockMvcPrintOnlyOnFailureTestExecutionListener, org.springframework.boot.test.autoconfigure.web.servlet.WebDriverTestExecutionListener, org.springframework.boot.test.autoconfigure.webservices.client.MockWebServiceServerTestExecutionListener, org.springframework.boot.test.mock.mockito.MockitoTestExecutionListener, org.springframework.boot.test.mock.mockito.ResetMocksTestExecutionListener, org.springframework.test.context.web.ServletTestExecutionListener, org.springframework.test.context.support.DirtiesContextBeforeModesTestExecutionListener, org.springframework.test.context.support.DependencyInjectionTestExecutionListener, org.springframework.test.context.support.DirtiesContextTestExecutionListener, org.springframework.test.context.transaction.TransactionalTestExecutionListener, org.springframework.test.context.jdbc.SqlScriptsTestExecutionListener, org.springframework.test.context.event.EventPublishingTestExecutionListener]
15:27:25.051 [Test worker] INFO org.springframework.boot.test.context.SpringBootTestContextBootstrapper - Using TestExecutionListeners: [org.springframework.test.context.web.ServletTestExecutionListener@7f2fa2d3, org.springframework.test.context.support.DirtiesContextBeforeModesTestExecutionListener@70102f41, org.springframework.boot.test.mock.mockito.MockitoTestExecutionListener@4403e51f, org.springframework.boot.test.autoconfigure.SpringBootDependencyInjectionTestExecutionListener@2f22fc1, org.springframework.test.context.support.DirtiesContextTestExecutionListener@493c76, org.springframework.test.context.transaction.TransactionalTestExecutionListener@71d27119, org.springframework.test.context.jdbc.SqlScriptsTestExecutionListener@2aa25921, org.springframework.test.context.event.EventPublishingTestExecutionListener@393de793, org.springframework.boot.test.autoconfigure.restdocs.RestDocsTestExecutionListener@70ded64e, org.springframework.boot.test.autoconfigure.web.client.MockRestServiceServerResetTestExecutionListener@12e62bf5, org.springframework.boot.test.autoconfigure.web.servlet.MockMvcPrintOnlyOnFailureTestExecutionListener@2a3503d9, org.springframework.boot.test.autoconfigure.web.servlet.WebDriverTestExecutionListener@7c627873, org.springframework.boot.test.autoconfigure.webservices.client.MockWebServiceServerTestExecutionListener@7a08bd17, org.springframework.boot.test.mock.mockito.ResetMocksTestExecutionListener@59128820]
15:27:25.054 [Test worker] DEBUG org.springframework.test.context.support.AbstractDirtiesContextTestExecutionListener - Before test class: context [DefaultTestContext@35675cc3 testClass = PostsRepositoryTest, testInstance = [null], testMethod = [null], testException = [null], mergedContextConfiguration = [WebMergedContextConfiguration@69321513 testClass = PostsRepositoryTest, locations = '{}', classes = '{class com.rome.book.SpringBootWeb.Application}', contextInitializerClasses = '[]', activeProfiles = '{}', propertySourceLocations = '{}', propertySourceProperties = '{org.springframework.boot.test.context.SpringBootTestContextBootstrapper=true}', contextCustomizers = set[org.springframework.boot.test.autoconfigure.actuate.metrics.MetricsExportContextCustomizerFactory$DisableMetricExportContextCustomizer@4129fd07, org.springframework.boot.test.autoconfigure.properties.PropertyMappingContextCustomizer@0, org.springframework.boot.test.autoconfigure.web.servlet.WebDriverContextCustomizerFactory$Customizer@342ca6ca, org.springframework.boot.test.context.filter.ExcludeFilterContextCustomizer@5a972148, org.springframework.boot.test.json.DuplicateJsonObjectContextCustomizerFactory$DuplicateJsonObjectContextCustomizer@31c4e9ee, org.springframework.boot.test.mock.mockito.MockitoContextCustomizer@0, org.springframework.boot.test.web.client.TestRestTemplateContextCustomizer@353c53ba, org.springframework.boot.test.context.SpringBootTestArgs@1, org.springframework.boot.test.context.SpringBootTestWebEnvironment@134ad074], resourceBasePath = 'src/main/webapp', contextLoader = 'org.springframework.boot.test.context.SpringBootContextLoader', parent = [null]], attributes = map['org.springframework.test.context.web.ServletTestExecutionListener.activateListener' -> true]], class annotated with @DirtiesContext [false] with mode [null].
15:27:25.097 [Test worker] DEBUG org.springframework.test.context.support.TestPropertySourceUtils - Adding inlined properties to environment: {spring.jmx.enabled=false, org.springframework.boot.test.context.SpringBootTestContextBootstrapper=true}

  .   ____          _            __ _ _
 /\\ / ___'_ __ _ _(_)_ __  __ _ \ \ \ \
( ( )\___ | '_ | '_| | '_ \/ _` | \ \ \ \
 \\/  ___)| |_)| | | | | || (_| |  ) ) ) )
  '  |____| .__|_| |_|_| |_\__, | / / / /
 =========|_|==============|___/=/_/_/_/
 :: Spring Boot ::                (v2.4.1)

2022-07-26 15:27:25.623  INFO 30004 --- [    Test worker] c.r.b.S.d.posts.PostsRepositoryTest      : Starting PostsRepositoryTest using Java 14.0.2 on Wongiui-MacBookPro.local with PID 30004 (started by voyager3 in /Users/voyager3/Documents/SpringBootWeb)
2022-07-26 15:27:25.628  INFO 30004 --- [    Test worker] c.r.b.S.d.posts.PostsRepositoryTest      : No active profile set, falling back to default profiles: default
2022-07-26 15:27:26.708  INFO 30004 --- [    Test worker] .s.d.r.c.RepositoryConfigurationDelegate : Bootstrapping Spring Data JPA repositories in DEFAULT mode.
2022-07-26 15:27:26.782  INFO 30004 --- [    Test worker] .s.d.r.c.RepositoryConfigurationDelegate : Finished Spring Data repository scanning in 62 ms. Found 1 JPA repository interfaces.
2022-07-26 15:27:27.660  INFO 30004 --- [    Test worker] com.zaxxer.hikari.HikariDataSource       : HikariPool-1 - Starting...
2022-07-26 15:27:27.840  INFO 30004 --- [    Test worker] com.zaxxer.hikari.HikariDataSource       : HikariPool-1 - Start completed.
2022-07-26 15:27:27.994  INFO 30004 --- [    Test worker] o.hibernate.jpa.internal.util.LogHelper  : HHH000204: Processing PersistenceUnitInfo [name: default]
2022-07-26 15:27:28.053  INFO 30004 --- [    Test worker] org.hibernate.Version                    : HHH000412: Hibernate ORM core version 5.4.25.Final
2022-07-26 15:27:28.261  INFO 30004 --- [    Test worker] o.hibernate.annotations.common.Version   : HCANN000001: Hibernate Commons Annotations {5.1.2.Final}
2022-07-26 15:27:28.367  INFO 30004 --- [    Test worker] org.hibernate.dialect.Dialect            : HHH000400: Using dialect: org.hibernate.dialect.MySQL57Dialect
Hibernate: drop table if exists posts
Hibernate: create table posts (id bigint not null auto_increment, author varchar(255), content TEXT not null, title varchar(500) not null, primary key (id)) engine=InnoDB
2022-07-26 15:27:28.903  INFO 30004 --- [    Test worker] o.h.e.t.j.p.i.JtaPlatformInitiator       : HHH000490: Using JtaPlatform implementation: [org.hibernate.engine.transaction.jta.platform.internal.NoJtaPlatform]
2022-07-26 15:27:28.911  INFO 30004 --- [    Test worker] j.LocalContainerEntityManagerFactoryBean : Initialized JPA EntityManagerFactory for persistence unit 'default'
2022-07-26 15:27:29.358  WARN 30004 --- [    Test worker] JpaBaseConfiguration$JpaWebConfiguration : spring.jpa.open-in-view is enabled by default. Therefore, database queries may be performed during view rendering. Explicitly configure spring.jpa.open-in-view to disable this warning
2022-07-26 15:27:29.689  INFO 30004 --- [    Test worker] o.s.s.concurrent.ThreadPoolTaskExecutor  : Initializing ExecutorService 'applicationTaskExecutor'
2022-07-26 15:27:29.801  INFO 30004 --- [    Test worker] o.s.b.a.h2.H2ConsoleAutoConfiguration    : H2 console available at '/h2-console'. Database available at 'jdbc:h2:mem://localhost/~/testdb'
2022-07-26 15:27:30.163  WARN 30004 --- [    Test worker] o.s.b.a.m.MustacheAutoConfiguration      : Cannot find template location: classpath:/templates/ (please add some templates, check your Mustache configuration, or set spring.mustache.check-template-location=false)
2022-07-26 15:27:31.064  INFO 30004 --- [    Test worker] c.r.b.S.d.posts.PostsRepositoryTest      : Started PostsRepositoryTest in 5.957 seconds (JVM running for 7.465)
Hibernate: insert into posts (author, content, title) values (?, ?, ?)
Hibernate: select posts0_.id as id1_0_, posts0_.author as author2_0_, posts0_.content as content3_0_, posts0_.title as title4_0_ from posts posts0_
Hibernate: select posts0_.id as id1_0_, posts0_.author as author2_0_, posts0_.content as content3_0_, posts0_.title as title4_0_ from posts posts0_
Hibernate: delete from posts where id=?
]]></system-out>
  <system-err><![CDATA[]]></system-err>
</testsuite>
